./HepG2/ARID3A.HepG2.bed
./HepG2/ATF3.HepG2.bed
./HepG2/BHLHE40.HepG2.bed
./HepG2/BRCA1.HepG2.bed
./HepG2/CEBPB.HepG2.bed
./HepG2/CEBPD.HepG2.bed
./HepG2/CEBPZ.HepG2.bed
./HepG2/CHD2.HepG2.bed
./HepG2/CTCF.HepG2.bed
./HepG2/ELF1.HepG2.bed
./HepG2/EP300.HepG2.bed
./HepG2/ESRRA.HepG2.bed
./HepG2/EZH2.HepG2.bed
./HepG2/FOSL2.HepG2.bed
./HepG2/FOXA1.HepG2.bed
./HepG2/FOXA2.HepG2.bed
./HepG2/GABPB1.HepG2.bed
./HepG2/HDAC2.HepG2.bed
./HepG2/HNF4A.HepG2.bed
./HepG2/HNF4G.HepG2.bed
./HepG2/HSF1.HepG2.bed
./HepG2/IRF3.HepG2.bed
./HepG2/JUND.HepG2.bed
./HepG2/JUN.HepG2.bed
./HepG2/MAFF.HepG2.bed
./HepG2/MAFK.HepG2.bed
./HepG2/MAX.HepG2.bed
./HepG2/MAZ.HepG2.bed
./HepG2/MBD4.HepG2.bed
./HepG2/MXI1.HepG2.bed
./HepG2/MYBL2.HepG2.bed
./HepG2/MYC.HepG2.bed
./HepG2/NFIC.HepG2.bed
./HepG2/NR2C2.HepG2.bed
./HepG2/NR3C1.HepG2.bed
./HepG2/NRF1.HepG2.bed
./HepG2/POLR2A.HepG2.bed
./HepG2/PPARGC1A.HepG2.bed
./HepG2/RAD21.HepG2.bed
./HepG2/RCOR1.HepG2.bed
./HepG2/REST.HepG2.bed
./HepG2/RFX5.HepG2.bed
./HepG2/RXRA.HepG2.bed
./HepG2/SIN3A.HepG2.bed
./HepG2/SMC3.HepG2.bed
./HepG2/SP1.HepG2.bed
./HepG2/SP2.HepG2.bed
./HepG2/SREBF1.HepG2.bed
./HepG2/SREBF2.HepG2.bed
./HepG2/SRF.HepG2.bed
./HepG2/TAF1.HepG2.bed
./HepG2/TBP.HepG2.bed
./HepG2/TCF12.HepG2.bed
./HepG2/TCF7L2.HepG2.bed
./HepG2/TEAD4.HepG2.bed
./HepG2/USF1.HepG2.bed
./HepG2/USF2.HepG2.bed
./HepG2/YY1.HepG2.bed
./HepG2/ZBTB33.HepG2.bed
./HepG2/ZBTB7A.HepG2.bed
./HepG2/ZNF274.HepG2.bed
./K562/ARID3A.K562.bed
./K562/ATF1.K562.bed
./K562/ATF3.K562.bed
./K562/BACH1.K562.bed
./K562/BCL3.K562.bed
./K562/BCLAF1.K562.bed
./K562/BDP1.K562.bed
./K562/BHLHE40.K562.bed
./K562/BRF1.K562.bed
./K562/BRF2.K562.bed
./K562/CBX3.K562.bed
./K562/CCNE1.K562.bed
./K562/CCNT2.K562.bed
./K562/CEBPB.K562.bed
./K562/CHD1.K562.bed
./K562/CHD2.K562.bed
./K562/CTCF.K562.bed
./K562/CTCFL.K562.bed
./K562/E2F4.K562.bed
./K562/E2F6.K562.bed
./K562/EGR1.K562.bed
./K562/ELF1.K562.bed
./K562/ELK1.K562.bed
./K562/EP300.K562.bed
./K562/ESR1.K562.bed
./K562/ETS1.K562.bed
./K562/EZH2.K562.bed
./K562/FOS.K562.bed
./K562/FOSL1.K562.bed
./K562/GABPB1.K562.bed
./K562/GATA1.K562.bed
./K562/GATA2.K562.bed
./K562/GTF2B.K562.bed
./K562/GTF2F1.K562.bed
./K562/HDAC1.K562.bed
./K562/HDAC2.K562.bed
./K562/HDAC6.K562.bed
./K562/HDAC8.K562.bed
./K562/HMGN3.K562.bed
./K562/ILF2.K562.bed
./K562/IRF1.K562.bed
./K562/JUNB.K562.bed
./K562/JUND.K562.bed
./K562/JUN.K562.bed
./K562/KDM5B.K562.bed
./K562/MAFF.K562.bed
./K562/MAFK.K562.bed
./K562/MAX.K562.bed
./K562/MAZ.K562.bed
./K562/MEF2A.K562.bed
./K562/MLL5.K562.bed
./K562/MXI1.K562.bed
./K562/MYC.K562.bed
./K562/NFE2.K562.bed
./K562/NFYA.K562.bed
./K562/NFYB.K562.bed
./K562/NR2C2.K562.bed
./K562/NR2F2.K562.bed
./K562/NR4A1.K562.bed
./K562/NRF1.K562.bed
./K562/PHF8.K562.bed
./K562/PML.K562.bed
./K562/POLR2A.K562.bed
./K562/POLR3A.K562.bed
./K562/POLR3G.K562.bed
./K562/RAD21.K562.bed
./K562/RBBP5.K562.bed
./K562/RCOR1.K562.bed
./K562/RDBP.K562.bed
./K562/REST.K562.bed
./K562/RFX5.K562.bed
./K562/SAP30.K562.bed
./K562/SETDB1.K562.bed
./K562/SIN3A.K562.bed
./K562/SIRT6.K562.bed
./K562/SIX5.K562.bed
./K562/SMARCA4.K562.bed
./K562/SMARCB1.K562.bed
./K562/SMC3.K562.bed
./K562/SP1.K562.bed
./K562/SP2.K562.bed
./K562/SPI1.K562.bed
./K562/SRF.K562.bed
./K562/STAT1.K562.bed
./K562/STAT2.K562.bed
./K562/STAT5A.K562.bed
./K562/TAF1.K562.bed
./K562/TAF7.K562.bed
./K562/TAL1.K562.bed
./K562/TBL1XR1.K562.bed
./K562/TBP.K562.bed
./K562/TEAD4.K562.bed
./K562/THAP1.K562.bed
./K562/TRIM28.K562.bed
./K562/UBTF.K562.bed
./K562/USF1.K562.bed
./K562/USF2.K562.bed
./K562/XRCC4.K562.bed
./K562/YY1.K562.bed
./K562/ZBTB33.K562.bed
./K562/ZBTB7A.K562.bed
./K562/ZNF143.K562.bed
./K562/ZNF263.K562.bed
./K562/ZNF274.K562.bed
./GM12878/ATF2.GM12878.bed
./GM12878/ATF3.GM12878.bed
./GM12878/BATF.GM12878.bed
./GM12878/BCL11A.GM12878.bed
./GM12878/BCL3.GM12878.bed
./GM12878/BCLAF1.GM12878.bed
./GM12878/BHLHE40.GM12878.bed
./GM12878/BRCA1.GM12878.bed
./GM12878/CEBPB.GM12878.bed
./GM12878/CHD1.GM12878.bed
./GM12878/CHD2.GM12878.bed
./GM12878/CTCF.GM12878.bed
./GM12878/E2F4.GM12878.bed
./GM12878/EBF1.GM12878.bed
./GM12878/EGR1.GM12878.bed
./GM12878/ELF1.GM12878.bed
./GM12878/ELK1.GM12878.bed
./GM12878/EP300.GM12878.bed
./GM12878/ETS1.GM12878.bed
./GM12878/EZH2.GM12878.bed
./GM12878/FAM48A.GM12878.bed
./GM12878/FOS.GM12878.bed
./GM12878/FOXM1.GM12878.bed
./GM12878/GABPB1.GM12878.bed
./GM12878/IKZF1.GM12878.bed
./GM12878/IRF3.GM12878.bed
./GM12878/IRF4.GM12878.bed
./GM12878/JUND.GM12878.bed
./GM12878/KAT2A.GM12878.bed
./GM12878/MAX.GM12878.bed
./GM12878/MAZ.GM12878.bed
./GM12878/MEF2A.GM12878.bed
./GM12878/MEF2C.GM12878.bed
./GM12878/MTA3.GM12878.bed
./GM12878/MXI1.GM12878.bed
./GM12878/MYC.GM12878.bed
./GM12878/NFATC1.GM12878.bed
./GM12878/NFE2.GM12878.bed
./GM12878/NFIC.GM12878.bed
./GM12878/NFKB1.GM12878.bed
./GM12878/NFYA.GM12878.bed
./GM12878/NFYB.GM12878.bed
./GM12878/NR2C2.GM12878.bed
./GM12878/NRF1.GM12878.bed
./GM12878/PAX5.GM12878.bed
./GM12878/PBX3.GM12878.bed
./GM12878/PML.GM12878.bed
./GM12878/POLR2A.GM12878.bed
./GM12878/POLR3G.GM12878.bed
./GM12878/POU2F2.GM12878.bed
./GM12878/RAD21.GM12878.bed
./GM12878/RCOR1.GM12878.bed
./GM12878/REST.GM12878.bed
./GM12878/RFX5.GM12878.bed
./GM12878/RUNX3.GM12878.bed
./GM12878/RXRA.GM12878.bed
./GM12878/SIN3A.GM12878.bed
./GM12878/SIX5.GM12878.bed
./GM12878/SMC3.GM12878.bed
./GM12878/SP1.GM12878.bed
./GM12878/SPI1.GM12878.bed
./GM12878/SRF.GM12878.bed
./GM12878/STAT1.GM12878.bed
./GM12878/STAT3.GM12878.bed
./GM12878/STAT5A.GM12878.bed
./GM12878/TAF1.GM12878.bed
./GM12878/TBL1XR1.GM12878.bed
./GM12878/TBP.GM12878.bed
./GM12878/TCF12.GM12878.bed
./GM12878/TCF3.GM12878.bed
./GM12878/USF1.GM12878.bed
./GM12878/USF2.GM12878.bed
./GM12878/WRNIP1.GM12878.bed
./GM12878/YY1.GM12878.bed
./GM12878/ZBTB33.GM12878.bed
./GM12878/ZEB1.GM12878.bed
./GM12878/ZNF143.GM12878.bed
./GM12878/ZNF274.GM12878.bed
./GM12878/ZZZ3.GM12878.bed
./H1-hESC/ATF2.H1-hESC.bed
./H1-hESC/ATF3.H1-hESC.bed
./H1-hESC/BACH1.H1-hESC.bed
./H1-hESC/BCL11A.H1-hESC.bed
./H1-hESC/BRCA1.H1-hESC.bed
./H1-hESC/CEBPB.H1-hESC.bed
./H1-hESC/CHD1.H1-hESC.bed
./H1-hESC/CHD2.H1-hESC.bed
./H1-hESC/CTBP2.H1-hESC.bed
./H1-hESC/CTCF.H1-hESC.bed
./H1-hESC/EGR1.H1-hESC.bed
./H1-hESC/EP300.H1-hESC.bed
./H1-hESC/EZH2.H1-hESC.bed
./H1-hESC/FOSL1.H1-hESC.bed
./H1-hESC/GABPB1.H1-hESC.bed
./H1-hESC/GTF2F1.H1-hESC.bed
./H1-hESC/HDAC2.H1-hESC.bed
./H1-hESC/JUND.H1-hESC.bed
./H1-hESC/JUN.H1-hESC.bed
./H1-hESC/KDM5A.H1-hESC.bed
./H1-hESC/MAFK.H1-hESC.bed
./H1-hESC/MAX.H1-hESC.bed
./H1-hESC/MXI1.H1-hESC.bed
./H1-hESC/MYC.H1-hESC.bed
./H1-hESC/NANOG.H1-hESC.bed
./H1-hESC/NRF1.H1-hESC.bed
./H1-hESC/POLR2A.H1-hESC.bed
./H1-hESC/POU5F1.H1-hESC.bed
./H1-hESC/RAD21.H1-hESC.bed
./H1-hESC/RBBP5.H1-hESC.bed
./H1-hESC/REST.H1-hESC.bed
./H1-hESC/RFX5.H1-hESC.bed
./H1-hESC/RXRA.H1-hESC.bed
./H1-hESC/SIN3A.H1-hESC.bed
./H1-hESC/SIX5.H1-hESC.bed
./H1-hESC/SP1.H1-hESC.bed
./H1-hESC/SP2.H1-hESC.bed
./H1-hESC/SP4.H1-hESC.bed
./H1-hESC/SRF.H1-hESC.bed
./H1-hESC/SUZ12.H1-hESC.bed
./H1-hESC/TAF1.H1-hESC.bed
./H1-hESC/TAF7.H1-hESC.bed
./H1-hESC/TBP.H1-hESC.bed
./H1-hESC/TCF12.H1-hESC.bed
./H1-hESC/TEAD4.H1-hESC.bed
./H1-hESC/USF1.H1-hESC.bed
./H1-hESC/USF2.H1-hESC.bed
./H1-hESC/YY1.H1-hESC.bed
./H1-hESC/ZNF143.H1-hESC.bed
./A549/ATF3.A549.bed
./A549/BCL3.A549.bed
./A549/BHLHE40.A549.bed
./A549/CEBPB.A549.bed
./A549/CREB1.A549.bed
./A549/CTCF.A549.bed
./A549/ELF1.A549.bed
./A549/EP300.A549.bed
./A549/ETS1.A549.bed
./A549/FOSL2.A549.bed
./A549/FOXA1.A549.bed
./A549/GABPB1.A549.bed
./A549/MAX.A549.bed
./A549/NR3C1.A549.bed
./A549/POLR2A.A549.bed
./A549/RAD21.A549.bed
./A549/REST.A549.bed
./A549/SIN3A.A549.bed
./A549/SIX5.A549.bed
./A549/TAF1.A549.bed
./A549/TCF12.A549.bed
./A549/USF1.A549.bed
./A549/YY1.A549.bed
./A549/ZBTB33.A549.bed
./HeLa-S3/BDP1.HeLa-S3.bed
./HeLa-S3/BRCA1.HeLa-S3.bed
./HeLa-S3/BRF1.HeLa-S3.bed
./HeLa-S3/BRF2.HeLa-S3.bed
./HeLa-S3/CEBPB.HeLa-S3.bed
./HeLa-S3/CHD2.HeLa-S3.bed
./HeLa-S3/CTCF.HeLa-S3.bed
./HeLa-S3/E2F1.HeLa-S3.bed
./HeLa-S3/E2F4.HeLa-S3.bed
./HeLa-S3/E2F6.HeLa-S3.bed
./HeLa-S3/ELK1.HeLa-S3.bed
./HeLa-S3/ELK4.HeLa-S3.bed
./HeLa-S3/EP300.HeLa-S3.bed
./HeLa-S3/EZH2.HeLa-S3.bed
./HeLa-S3/FAM48A.HeLa-S3.bed
./HeLa-S3/FOS.HeLa-S3.bed
./HeLa-S3/GABPB1.HeLa-S3.bed
./HeLa-S3/GTF2B.HeLa-S3.bed
./HeLa-S3/GTF2F1.HeLa-S3.bed
./HeLa-S3/IRF3.HeLa-S3.bed
./HeLa-S3/JUND.HeLa-S3.bed
./HeLa-S3/JUN.HeLa-S3.bed
./HeLa-S3/KAT2A.HeLa-S3.bed
./HeLa-S3/MAFK.HeLa-S3.bed
./HeLa-S3/MAX.HeLa-S3.bed
./HeLa-S3/MAZ.HeLa-S3.bed
./HeLa-S3/MXI1.HeLa-S3.bed
./HeLa-S3/MYC.HeLa-S3.bed
./HeLa-S3/NFYA.HeLa-S3.bed
./HeLa-S3/NFYB.HeLa-S3.bed
./HeLa-S3/NR2C2.HeLa-S3.bed
./HeLa-S3/NRF1.HeLa-S3.bed
./HeLa-S3/POLR2A.HeLa-S3.bed
./HeLa-S3/POLR3A.HeLa-S3.bed
./HeLa-S3/PRDM1.HeLa-S3.bed
./HeLa-S3/RAD21.HeLa-S3.bed
./HeLa-S3/RCOR1.HeLa-S3.bed
./HeLa-S3/REST.HeLa-S3.bed
./HeLa-S3/RFX5.HeLa-S3.bed
./HeLa-S3/SMARCA4.HeLa-S3.bed
./HeLa-S3/SMARCB1.HeLa-S3.bed
./HeLa-S3/SMARCC1.HeLa-S3.bed
./HeLa-S3/SMARCC2.HeLa-S3.bed
./HeLa-S3/SMC3.HeLa-S3.bed
./HeLa-S3/STAT1.HeLa-S3.bed
./HeLa-S3/STAT3.HeLa-S3.bed
./HeLa-S3/TAF1.HeLa-S3.bed
./HeLa-S3/TBP.HeLa-S3.bed
./HeLa-S3/TCF7L2.HeLa-S3.bed
./HeLa-S3/TFAP2A.HeLa-S3.bed
./HeLa-S3/TFAP2C.HeLa-S3.bed
./HeLa-S3/USF2.HeLa-S3.bed
./HeLa-S3/ZKSCAN1.HeLa-S3.bed
./HeLa-S3/ZNF143.HeLa-S3.bed
./HeLa-S3/ZNF274.HeLa-S3.bed
./HeLa-S3/ZZZ3.HeLa-S3.bed
./IMR90/CEBPB.IMR90.bed
./IMR90/CTCF.IMR90.bed
./IMR90/MAFK.IMR90.bed
./IMR90/POLR2A.IMR90.bed
./IMR90/RAD21.IMR90.bed
./AG04449/CTCF.AG04449.bed
./AG04450/CTCF.AG04450.bed
./AG09309/CTCF.AG09309.bed
./AG09319/CTCF.AG09319.bed
./AG10803/CTCF.AG10803.bed
./AoAF/CTCF.AoAF.bed
./BE2_C/CTCF.BE2_C.bed
./BJ/CTCF.BJ.bed
./Caco-2/CTCF.Caco-2.bed
./Dnd41/CTCF.Dnd41.bed
./Dnd41/EZH2.Dnd41.bed
./ECC-1/CTCF.ECC-1.bed
./ECC-1/ESR1.ECC-1.bed
./ECC-1/FOXA1.ECC-1.bed
./ECC-1/NR3C1.ECC-1.bed
./ECC-1/POLR2A.ECC-1.bed
./Fibrobl/CTCF.Fibrobl.bed
./Gliobla/CTCF.Gliobla.bed
./Gliobla/POLR2A.Gliobla.bed
./GM06990/CTCF.GM06990.bed
./GM12801/CTCF.GM12801.bed
./GM12864/CTCF.GM12864.bed
./GM12865/CTCF.GM12865.bed
./GM12872/CTCF.GM12872.bed
./GM12873/CTCF.GM12873.bed
./GM12874/CTCF.GM12874.bed
./GM12875/CTCF.GM12875.bed
./GM12891/CTCF.GM12891.bed
./GM12891/NFKB1.GM12891.bed
./GM12891/PAX5.GM12891.bed
./GM12891/POLR2A.GM12891.bed
./GM12891/POU2F2.GM12891.bed
./GM12891/SPI1.GM12891.bed
./GM12891/TAF1.GM12891.bed
./GM12891/YY1.GM12891.bed
./GM12892/CTCF.GM12892.bed
./GM12892/NFKB1.GM12892.bed
./GM12892/PAX5.GM12892.bed
./GM12892/POLR2A.GM12892.bed
./GM12892/TAF1.GM12892.bed
./GM12892/YY1.GM12892.bed
./Osteobl/CTCF.Osteobl.bed
./ProgFib/CTCF.ProgFib.bed
./ProgFib/POLR2A.ProgFib.bed
./RPTEC/CTCF.RPTEC.bed
./SAEC/CTCF.SAEC.bed
./SK-N-SH_RA/CTCF.SK-N-SH_RA.bed
./SK-N-SH_RA/EP300.SK-N-SH_RA.bed
./SK-N-SH_RA/RAD21.SK-N-SH_RA.bed
./SK-N-SH_RA/USF1.SK-N-SH_RA.bed
./SK-N-SH_RA/YY1.SK-N-SH_RA.bed
./T-47D/CTCF.T-47D.bed
./T-47D/EP300.T-47D.bed
./T-47D/ESR1.T-47D.bed
./T-47D/FOXA1.T-47D.bed
./T-47D/GATA3.T-47D.bed
./WERI-Rb-1/CTCF.WERI-Rb-1.bed
./WI-38/CTCF.WI-38.bed
./MCF10A-Er-Src/E2F4.MCF10A-Er-Src.bed
./MCF10A-Er-Src/FOS.MCF10A-Er-Src.bed
./MCF10A-Er-Src/MYC.MCF10A-Er-Src.bed
./MCF10A-Er-Src/POLR2A.MCF10A-Er-Src.bed
./MCF10A-Er-Src/STAT3.MCF10A-Er-Src.bed
./PFSK-1/FOXP2.PFSK-1.bed
./PFSK-1/POLR2A.PFSK-1.bed
./PFSK-1/REST.PFSK-1.bed
./PFSK-1/SIN3A.PFSK-1.bed
./PFSK-1/TAF1.PFSK-1.bed
./GM19238/CTCF.GM19238.bed
./GM19239/CTCF.GM19239.bed
./GM19240/CTCF.GM19240.bed
./HAc/CTCF.HAc.bed
./HA-sp/CTCF.HA-sp.bed
./HBMEC/CTCF.HBMEC.bed
./HCFaa/CTCF.HCFaa.bed
./HCM/CTCF.HCM.bed
./HCPEpiC/CTCF.HCPEpiC.bed
./HCT-116/CTCF.HCT-116.bed
./HCT-116/POLR2A.HCT-116.bed
./HCT-116/TCF7L2.HCT-116.bed
./HCT-116/YY1.HCT-116.bed
./HCT-116/ZBTB33.HCT-116.bed
./HEEpiC/CTCF.HEEpiC.bed
./HEK293/CTCF.HEK293.bed
./HEK293/ELK4.HEK293.bed
./HEK293/POLR2A.HEK293.bed
./HEK293/TCF7L2.HEK293.bed
./HEK293/TRIM28.HEK293.bed
./HFF/CTCF.HFF.bed
./HFF-Myc/CTCF.HFF-Myc.bed
./HL-60/CTCF.HL-60.bed
./HMEC/CTCF.HMEC.bed
./HMEC/EZH2.HMEC.bed
./HMF/CTCF.HMF.bed
./HPAF/CTCF.HPAF.bed
./HPF/CTCF.HPF.bed
./HRE/CTCF.HRE.bed
./HRPEpiC/CTCF.HRPEpiC.bed
./HSMM/CTCF.HSMM.bed
./HSMM/EZH2.HSMM.bed
./HSMMtube/CTCF.HSMMtube.bed
./HSMMtube/EZH2.HSMMtube.bed
./HUVEC/CTCF.HUVEC.bed
./HUVEC/EZH2.HUVEC.bed
./HUVEC/FOS.HUVEC.bed
./HUVEC/GATA2.HUVEC.bed
./HUVEC/JUN.HUVEC.bed
./HUVEC/MAX.HUVEC.bed
./HUVEC/MYC.HUVEC.bed
./HUVEC/POLR2A.HUVEC.bed
./HVMF/CTCF.HVMF.bed
./MCF-7/CTCF.MCF-7.bed
./MCF-7/E2F1.MCF-7.bed
./MCF-7/GATA3.MCF-7.bed
./MCF-7/MYC.MCF-7.bed
./MCF-7/POLR2A.MCF-7.bed
./MCF-7/TCF7L2.MCF-7.bed
./MCF-7/ZNF217.MCF-7.bed
./NB4/CTCF.NB4.bed
./NB4/MAX.NB4.bed
./NB4/MYC.NB4.bed
./NB4/POLR2A.NB4.bed
./NH-A/CTCF.NH-A.bed
./NH-A/EZH2.NH-A.bed
./NHDF-Ad/CTCF.NHDF-Ad.bed
./NHDF-Ad/EZH2.NHDF-Ad.bed
./NHDF-neo/CTCF.NHDF-neo.bed
./NHEK/CTCF.NHEK.bed
./NHEK/EZH2.NHEK.bed
./NHEK/POLR2A.NHEK.bed
./NHLF/CTCF.NHLF.bed
./NHLF/EZH2.NHLF.bed
./SK-N-MC/FOXP2.SK-N-MC.bed
./SK-N-MC/POLR2A.SK-N-MC.bed
./PBDE/GATA1.PBDE.bed
./PBDE/POLR2A.PBDE.bed
./PBDEFetal/GATA1.PBDEFetal.bed
./SH-SY5Y/GATA2.SH-SY5Y.bed
./SH-SY5Y/GATA3.SH-SY5Y.bed
./GM10847/NFKB1.GM10847.bed
./GM10847/POLR2A.GM10847.bed
./GM15510/NFKB1.GM15510.bed
./GM15510/POLR2A.GM15510.bed
./GM18505/NFKB1.GM18505.bed
./GM18505/POLR2A.GM18505.bed
./GM18526/NFKB1.GM18526.bed
./GM18526/POLR2A.GM18526.bed
./GM18951/NFKB1.GM18951.bed
./GM18951/POLR2A.GM18951.bed
./GM19099/NFKB1.GM19099.bed
./GM19099/POLR2A.GM19099.bed
./GM19193/NFKB1.GM19193.bed
./GM19193/POLR2A.GM19193.bed
./PANC-1/POLR2A.PANC-1.bed
./PANC-1/REST.PANC-1.bed
./PANC-1/SIN3A.PANC-1.bed
./PANC-1/TCF7L2.PANC-1.bed
./Raji/POLR2A.Raji.bed
./SK-N-SH/POLR2A.SK-N-SH.bed
./SK-N-SH/REST.SK-N-SH.bed
./SK-N-SH/SIN3A.SK-N-SH.bed
./SK-N-SH/TAF1.SK-N-SH.bed
./U87/POLR2A.U87.bed
./U87/REST.U87.bed
./U2OS/SETDB1.U2OS.bed
./U2OS/TRIM28.U2OS.bed
./NT2-D1/SUZ12.NT2-D1.bed
./NT2-D1/YY1.NT2-D1.bed
./NT2-D1/ZNF274.NT2-D1.bed
./HEK293-T-REx/ZNF263.HEK293-T-REx.bed
./GM08714/ZNF274.GM08714.bed
